<?xml version="1.0" encoding="UTF-8"?>
<!-- Generated by org.testng.reporters.JUnitXMLReporter -->
<testsuite ignored="0" hostname="DESKTOP-SHMIR38" failures="3" tests="8" name="Test" time="0.316" errors="0" timestamp="2023-08-01T14:47:56 IST">
  <testcase classname="com.sdet.junit.CalculatorTest1" name="add1Test" time="0.023"/>
  <testcase classname="com.sdet.junit.CalculatorTest1" name="add1Test" time="0.005"/>
  <testcase classname="com.sdet.junit.CalculatorTest1" name="add1Test" time="0.006">
    <failure type="java.lang.AssertionError" message="expected:&amp;lt;15&amp;gt; but was:&amp;lt;17&amp;gt;">
      <![CDATA[java.lang.AssertionError: expected:<15> but was:<17>
at org.junit.Assert.fail(Assert.java:89)
at org.junit.Assert.failNotEquals(Assert.java:835)
at org.junit.Assert.assertEquals(Assert.java:647)
at org.junit.Assert.assertEquals(Assert.java:633)
at com.sdet.junit.CalculatorTest1.add1Test(CalculatorTest1.java:13)
at java.base/java.util.ArrayList.forEach(ArrayList.java:1511)
... Removed 27 stack frames]]>
    </failure>
  </testcase> <!-- add1Test -->
  <testcase classname="com.sdet.junit.CalculatorTest1" name="add1Test" time="0.003"/>
  <testcase classname="com.sdet.junit.CalculatorTest1" name="add1Test" time="0.005">
    <failure type="java.lang.AssertionError" message="expected:&amp;lt;30&amp;gt; but was:&amp;lt;26&amp;gt;">
      <![CDATA[java.lang.AssertionError: expected:<30> but was:<26>
at org.junit.Assert.fail(Assert.java:89)
at org.junit.Assert.failNotEquals(Assert.java:835)
at org.junit.Assert.assertEquals(Assert.java:647)
at org.junit.Assert.assertEquals(Assert.java:633)
at com.sdet.junit.CalculatorTest1.add1Test(CalculatorTest1.java:13)
at java.base/java.util.ArrayList.forEach(ArrayList.java:1511)
... Removed 27 stack frames]]>
    </failure>
  </testcase> <!-- add1Test -->
  <testcase classname="com.sdet.junit.CalculatorTest1" name="add1Test" time="0.01">
    <failure type="java.lang.AssertionError" message="expected:&amp;lt;29&amp;gt; but was:&amp;lt;18&amp;gt;">
      <![CDATA[java.lang.AssertionError: expected:<29> but was:<18>
at org.junit.Assert.fail(Assert.java:89)
at org.junit.Assert.failNotEquals(Assert.java:835)
at org.junit.Assert.assertEquals(Assert.java:647)
at org.junit.Assert.assertEquals(Assert.java:633)
at com.sdet.junit.CalculatorTest1.add1Test(CalculatorTest1.java:13)
at java.base/java.util.ArrayList.forEach(ArrayList.java:1511)
... Removed 27 stack frames]]>
    </failure>
  </testcase> <!-- add1Test -->
  <testcase classname="com.sdet.junit.CalculatorTest1" name="add1Test" time="0.022"/>
  <testcase classname="com.sdet.junit.CalculatorTest1" name="sub1Test" time="0.004"/>
</testsuite> <!-- Test -->
